# JRE version: OpenJDK Runtime Environment AdoptOpenJDK (15.0.1+9) (build 15.0.1+9)
# Java VM: OpenJDK 64-Bit Server VM AdoptOpenJDK (15.0.1+9, mixed mode, sharing, tiered, compressed oops, g1 gc, windows-amd64)
GC Precious Log:
 CPUs: 12 total, 12 available
 Memory: 32717M
 Large Page Support: Disabled
 NUMA Support: Disabled
 Compressed Oops: Enabled (Zero based)
 Heap Region Size: 4M
 Heap Min Capacity: 8M
 Heap Initial Capacity: 512M
 Heap Max Capacity: 8180M
 Pre-touch: Disabled
 Parallel Workers: 10
 Concurrent Workers: 3
 Concurrent Refinement Workers: 10
 Periodic GC: Disabled
Heap:
 garbage-first heap   total 524288K, used 162619K [0x0000000600c00000, 0x0000000800000000)
  region size 4096K, 42 young (172032K), 1 survivors (4096K)
 Metaspace       used 6316K, capacity 9054K, committed 9216K, reserved 1058816K
  class space    used 453K, capacity 745K, committed 768K, reserved 1048576K
GC Heap History (6 events):
Event: 2.589 GC heap before
{Heap before GC invocations=0 (full 0):
 garbage-first heap   total 524288K, used 24576K [0x0000000600c00000, 0x0000000800000000)
  region size 4096K, 6 young (24576K), 0 survivors (0K)
 Metaspace       used 5923K, capacity 8798K, committed 8960K, reserved 1056768K
  class space    used 452K, capacity 745K, committed 768K, reserved 1048576K
}
Event: 2.592 GC heap after
{Heap after GC invocations=1 (full 0):
 garbage-first heap   total 524288K, used 2862K [0x0000000600c00000, 0x0000000800000000)
  region size 4096K, 1 young (4096K), 1 survivors (4096K)
 Metaspace       used 5923K, capacity 8798K, committed 8960K, reserved 1056768K
  class space    used 452K, capacity 745K, committed 768K, reserved 1048576K
}
Event: 3.537 GC heap before
{Heap before GC invocations=1 (full 0):
 garbage-first heap   total 524288K, used 27438K [0x0000000600c00000, 0x0000000800000000)
  region size 4096K, 8 young (32768K), 1 survivors (4096K)
 Metaspace       used 6025K, capacity 8862K, committed 9216K, reserved 1058816K
  class space    used 452K, capacity 745K, committed 768K, reserved 1048576K
}
Event: 3.539 GC heap after
{Heap after GC invocations=2 (full 0):
 garbage-first heap   total 524288K, used 2981K [0x0000000600c00000, 0x0000000800000000)
  region size 4096K, 1 young (4096K), 1 survivors (4096K)
 Metaspace       used 6025K, capacity 8862K, committed 9216K, reserved 1058816K
  class space    used 452K, capacity 745K, committed 768K, reserved 1048576K
}
Event: 13.503 GC heap before
{Heap before GC invocations=2 (full 0):
 garbage-first heap   total 524288K, used 306085K [0x0000000600c00000, 0x0000000800000000)
  region size 4096K, 76 young (311296K), 1 survivors (4096K)
 Metaspace       used 6298K, capacity 9054K, committed 9216K, reserved 1058816K
  class space    used 453K, capacity 745K, committed 768K, reserved 1048576K
}
Event: 13.503 GC heap after
{Heap after GC invocations=3 (full 0):
 garbage-first heap   total 524288K, used 2875K [0x0000000600c00000, 0x0000000800000000)
  region size 4096K, 1 young (4096K), 1 survivors (4096K)
 Metaspace       used 6298K, capacity 9054K, committed 9216K, reserved 1058816K
  class space    used 453K, capacity 745K, committed 768K, reserved 1048576K
}

