# JRE version: Java(TM) SE Runtime Environment (12.0.2+10) (build 12.0.2+10)
# Java VM: Java HotSpot(TM) 64-Bit Server VM (12.0.2+10, mixed mode, sharing, tiered, compressed oops, g1 gc, bsd-amd64)
Heap:
 garbage-first heap   total 27648K, used 7067K [0x0000000700000000, 0x0000000800000000)
  region size 1024K, 2 young (2048K), 1 survivors (1024K)
 Metaspace       used 7126K, capacity 9022K, committed 9344K, reserved 1058816K
  class space    used 565K, capacity 802K, committed 896K, reserved 1048576K
GC Heap History (10 events):
Event: 45.532 GC heap before
{Heap before GC invocations=439 (full 0):
 garbage-first heap   total 27648K, used 11118K [0x0000000700000000, 0x0000000800000000)
  region size 1024K, 3 young (3072K), 1 survivors (1024K)
 Metaspace       used 7126K, capacity 9022K, committed 9344K, reserved 1058816K
  class space    used 565K, capacity 802K, committed 896K, reserved 1048576K
}
Event: 45.533 GC heap after
{Heap after GC invocations=440 (full 0):
 garbage-first heap   total 27648K, used 6007K [0x0000000700000000, 0x0000000800000000)
  region size 1024K, 1 young (1024K), 1 survivors (1024K)
 Metaspace       used 7126K, capacity 9022K, committed 9344K, reserved 1058816K
  class space    used 565K, capacity 802K, committed 896K, reserved 1048576K
}
Event: 45.683 GC heap before
{Heap before GC invocations=441 (full 0):
 garbage-first heap   total 27648K, used 11127K [0x0000000700000000, 0x0000000800000000)
  region size 1024K, 3 young (3072K), 1 survivors (1024K)
 Metaspace       used 7126K, capacity 9022K, committed 9344K, reserved 1058816K
  class space    used 565K, capacity 802K, committed 896K, reserved 1048576K
}
Event: 45.683 GC heap after
{Heap after GC invocations=442 (full 0):
 garbage-first heap   total 27648K, used 6012K [0x0000000700000000, 0x0000000800000000)
  region size 1024K, 1 young (1024K), 1 survivors (1024K)
 Metaspace       used 7126K, capacity 9022K, committed 9344K, reserved 1058816K
  class space    used 565K, capacity 802K, committed 896K, reserved 1048576K
}
Event: 45.811 GC heap before
{Heap before GC invocations=443 (full 0):
 garbage-first heap   total 27648K, used 11132K [0x0000000700000000, 0x0000000800000000)
  region size 1024K, 3 young (3072K), 1 survivors (1024K)
 Metaspace       used 7126K, capacity 9022K, committed 9344K, reserved 1058816K
  class space    used 565K, capacity 802K, committed 896K, reserved 1048576K
}
Event: 45.811 GC heap after
{Heap after GC invocations=444 (full 0):
 garbage-first heap   total 27648K, used 6025K [0x0000000700000000, 0x0000000800000000)
  region size 1024K, 1 young (1024K), 1 survivors (1024K)
 Metaspace       used 7126K, capacity 9022K, committed 9344K, reserved 1058816K
  class space    used 565K, capacity 802K, committed 896K, reserved 1048576K
}
Event: 45.976 GC heap before
{Heap before GC invocations=445 (full 0):
 garbage-first heap   total 27648K, used 11145K [0x0000000700000000, 0x0000000800000000)
  region size 1024K, 3 young (3072K), 1 survivors (1024K)
 Metaspace       used 7126K, capacity 9022K, committed 9344K, reserved 1058816K
  class space    used 565K, capacity 802K, committed 896K, reserved 1048576K
}
Event: 45.977 GC heap after
{Heap after GC invocations=446 (full 0):
 garbage-first heap   total 27648K, used 6036K [0x0000000700000000, 0x0000000800000000)
  region size 1024K, 1 young (1024K), 1 survivors (1024K)
 Metaspace       used 7126K, capacity 9022K, committed 9344K, reserved 1058816K
  class space    used 565K, capacity 802K, committed 896K, reserved 1048576K
}
Event: 46.104 GC heap before
{Heap before GC invocations=447 (full 0):
 garbage-first heap   total 27648K, used 11156K [0x0000000700000000, 0x0000000800000000)
  region size 1024K, 3 young (3072K), 1 survivors (1024K)
 Metaspace       used 7126K, capacity 9022K, committed 9344K, reserved 1058816K
  class space    used 565K, capacity 802K, committed 896K, reserved 1048576K
}
Event: 46.104 GC heap after
{Heap after GC invocations=448 (full 0):
 garbage-first heap   total 27648K, used 6043K [0x0000000700000000, 0x0000000800000000)
  region size 1024K, 1 young (1024K), 1 survivors (1024K)
 Metaspace       used 7126K, capacity 9022K, committed 9344K, reserved 1058816K
  class space    used 565K, capacity 802K, committed 896K, reserved 1048576K
}

