# JRE version: OpenJDK Runtime Environment AdoptOpenJDK (15.0.1+9) (build 15.0.1+9)
# Java VM: OpenJDK 64-Bit Server VM AdoptOpenJDK (15.0.1+9, mixed mode, sharing, tiered, compressed oops, g1 gc, windows-amd64)
GC Precious Log:
 CPUs: 12 total, 12 available
 Memory: 32717M
 Large Page Support: Disabled
 NUMA Support: Disabled
 Compressed Oops: Enabled (Zero based)
 Heap Region Size: 4M
 Heap Min Capacity: 8M
 Heap Initial Capacity: 512M
 Heap Max Capacity: 8180M
 Pre-touch: Disabled
 Parallel Workers: 10
 Concurrent Workers: 3
 Concurrent Refinement Workers: 10
 Periodic GC: Disabled
Heap:
 garbage-first heap   total 524288K, used 68733K [0x0000000600c00000, 0x0000000800000000)
  region size 4096K, 19 young (77824K), 1 survivors (4096K)
 Metaspace       used 6457K, capacity 9130K, committed 9472K, reserved 1058816K
  class space    used 463K, capacity 747K, committed 768K, reserved 1048576K
GC Heap History (6 events):
Event: 4.139 GC heap before
{Heap before GC invocations=0 (full 0):
 garbage-first heap   total 524288K, used 32768K [0x0000000600c00000, 0x0000000800000000)
  region size 4096K, 6 young (24576K), 0 survivors (0K)
 Metaspace       used 6011K, capacity 8804K, committed 8960K, reserved 1056768K
  class space    used 459K, capacity 746K, committed 768K, reserved 1048576K
}
Event: 4.142 GC heap after
{Heap after GC invocations=1 (full 0):
 garbage-first heap   total 524288K, used 3169K [0x0000000600c00000, 0x0000000800000000)
  region size 4096K, 1 young (4096K), 1 survivors (4096K)
 Metaspace       used 6011K, capacity 8804K, committed 8960K, reserved 1056768K
  class space    used 459K, capacity 746K, committed 768K, reserved 1048576K
}
Event: 5.105 GC heap before
{Heap before GC invocations=1 (full 0):
 garbage-first heap   total 524288K, used 27745K [0x0000000600c00000, 0x0000000800000000)
  region size 4096K, 8 young (32768K), 1 survivors (4096K)
 Metaspace       used 6208K, capacity 8938K, committed 9216K, reserved 1058816K
  class space    used 463K, capacity 747K, committed 768K, reserved 1048576K
}
Event: 5.107 GC heap after
{Heap after GC invocations=2 (full 0):
 garbage-first heap   total 524288K, used 3294K [0x0000000600c00000, 0x0000000800000000)
  region size 4096K, 1 young (4096K), 1 survivors (4096K)
 Metaspace       used 6208K, capacity 8938K, committed 9216K, reserved 1058816K
  class space    used 463K, capacity 747K, committed 768K, reserved 1048576K
}
Event: 9.569 GC heap before
{Heap before GC invocations=2 (full 0):
 garbage-first heap   total 524288K, used 130270K [0x0000000600c00000, 0x0000000800000000)
  region size 4096K, 33 young (135168K), 1 survivors (4096K)
 Metaspace       used 6428K, capacity 9130K, committed 9472K, reserved 1058816K
  class space    used 463K, capacity 747K, committed 768K, reserved 1048576K
}
Event: 9.570 GC heap after
{Heap after GC invocations=3 (full 0):
 garbage-first heap   total 524288K, used 3197K [0x0000000600c00000, 0x0000000800000000)
  region size 4096K, 1 young (4096K), 1 survivors (4096K)
 Metaspace       used 6428K, capacity 9130K, committed 9472K, reserved 1058816K
  class space    used 463K, capacity 747K, committed 768K, reserved 1048576K
}

